[NX v22.1.1 Daemon Server] - 2025-12-05T08:20:24.917Z - Started listening on: \\.\pipe\nx\C:\Users\makcm\AppData\Local\Temp\1b99322af82c1624ca98\d.sock
[NX v22.1.1 Daemon Server] - 2025-12-05T08:20:24.919Z - [WATCHER]: Subscribed to changes within: D:\Dev\tik-talk (native)
[NX v22.1.1 Daemon Server] - 2025-12-05T08:20:24.928Z - Established a connection. Number of open connections: 1
[NX v22.1.1 Daemon Server] - 2025-12-05T08:20:24.930Z - Closed a connection. Number of open connections: 0
[NX v22.1.1 Daemon Server] - 2025-12-05T08:20:24.930Z - Established a connection. Number of open connections: 1
[NX v22.1.1 Daemon Server] - 2025-12-05T08:20:25.063Z - Time taken for 'loadSpecifiedNxPlugins' 22.772699999999986ms
Time for 'plugin worker 9724 code loading' 5.0870999999999995
Time for 'plugin worker 10292 code loading' 5.5579
Time for 'plugin worker 3228 code loading' 5.649600000000007
Time for 'plugin worker 9016 code loading' 5.795499999999997
[NX v22.1.1 Daemon Server] - 2025-12-05T08:20:25.132Z - Received raw message of length 32
[NX v22.1.1 Daemon Server] - 2025-12-05T08:20:25.132Z - Received json message of type REQUEST_PROJECT_GRAPH
[NX v22.1.1 Daemon Server] - 2025-12-05T08:20:25.133Z - [REQUEST]: Client Request for Project Graph Received
[NX v22.1.1 Daemon Server] - 2025-12-05T08:20:25.335Z - Time taken for 'Load Nx Plugin: D:\Dev\tik-talk\node_modules\nx\src\adapter\angular-json' 296.56870000000004ms
[NX v22.1.1 Daemon Server] - 2025-12-05T08:20:25.337Z - Time taken for 'Load Nx Plugin: D:\Dev\tik-talk\node_modules\nx\src\plugins\project-json\build-nodes\project-json' 297.98900000000003ms
[NX v22.1.1 Daemon Server] - 2025-12-05T08:20:25.377Z - Time taken for 'Load Nx Plugin: D:\Dev\tik-talk\node_modules\nx\src\plugins\package-json' 338.7034000000001ms
[NX v22.1.1 Daemon Server] - 2025-12-05T08:20:25.582Z - [REQUEST]: Updated workspace context based on watched changes, recomputing project graph...
[NX v22.1.1 Daemon Server] - 2025-12-05T08:20:25.582Z - [REQUEST]: 
[NX v22.1.1 Daemon Server] - 2025-12-05T08:20:25.582Z - [REQUEST]: 
[NX v22.1.1 Daemon Server] - 2025-12-05T08:20:25.584Z - Reusing in-memory cached project graph because no files changed.
Time for 'nx-angular-json-plugin:createNodes' 0.515299999999911
[NX v22.1.1 Daemon Server] - 2025-12-05T08:20:25.588Z - Time taken for 'loadDefaultNxPlugins' 545.0015000000001ms
Time for 'nx/core/package-json:createNodes' 0.8627999999999929
Time for 'nx/core/project-json:createNodes' 1.61749999999995
Time for 'nx/js/dependencies-and-lockfile:createNodes' 17.593400000000088
[NX v22.1.1 Daemon Server] - 2025-12-05T08:20:25.698Z - Time taken for 'build-project-configs' 87.02510000000007ms
Time for 'build typescript dependencies' 5.175600000000031
[NX v22.1.1 Daemon Server] - 2025-12-05T08:20:25.739Z - [SYNC]: collect registered sync generators
[NX v22.1.1 Daemon Server] - 2025-12-05T08:20:25.747Z - Wrote project graph cache to D:\Dev\tik-talk\.nx\workspace-data\project-graph.json
[NX v22.1.1 Daemon Server] - 2025-12-05T08:20:25.748Z - Serializing response for REQUEST_PROJECT_GRAPH message in json mode
[NX v22.1.1 Daemon Server] - 2025-12-05T08:20:25.748Z - Responding to REQUEST_PROJECT_GRAPH message
[NX v22.1.1 Daemon Server] - 2025-12-05T08:20:25.748Z - [REQUEST]: Responding to the client. project-graph
[NX v22.1.1 Daemon Server] - 2025-12-05T08:20:25.749Z - Time taken for 'total for creating and serializing project graph' 615.0514ms
[NX v22.1.1 Daemon Server] - 2025-12-05T08:20:25.750Z - Done responding to the client project-graph
[NX v22.1.1 Daemon Server] - 2025-12-05T08:20:25.750Z - Handled json message REQUEST_PROJECT_GRAPH. Handling time: 615. Response time: 2.
[NX v22.1.1 Daemon Server] - 2025-12-05T08:20:25.757Z - Received raw message of length 1670
[NX v22.1.1 Daemon Server] - 2025-12-05T08:20:25.758Z - Received json message of type PRE_TASKS_EXECUTION
[NX v22.1.1 Daemon Server] - 2025-12-05T08:20:25.758Z - Serializing response for PRE_TASKS_EXECUTION message in json mode
[NX v22.1.1 Daemon Server] - 2025-12-05T08:20:25.758Z - Responding to PRE_TASKS_EXECUTION message
[NX v22.1.1 Daemon Server] - 2025-12-05T08:20:25.758Z - [REQUEST]: Responding to the client. handleRunPreTasksExecution
[NX v22.1.1 Daemon Server] - 2025-12-05T08:20:25.759Z - Time taken for 'preTasksExecution' 0.4901999999999589ms
[NX v22.1.1 Daemon Server] - 2025-12-05T08:20:25.759Z - Done responding to the client handleRunPreTasksExecution
[NX v22.1.1 Daemon Server] - 2025-12-05T08:20:25.759Z - Handled json message PRE_TASKS_EXECUTION. Handling time: 0. Response time: 1.
[NX v22.1.1 Daemon Server] - 2025-12-05T08:20:26.098Z - Received raw message of length 8360
[NX v22.1.1 Daemon Server] - 2025-12-05T08:20:26.098Z - Received json message of type HASH_TASKS
[NX v22.1.1 Daemon Server] - 2025-12-05T08:20:26.098Z - Reusing in-memory cached project graph because no files changed.
[NX v22.1.1 Daemon Server] - 2025-12-05T08:20:26.105Z - Wrote project graph cache to D:\Dev\tik-talk\.nx\workspace-data\project-graph.json
DEBUG nx::native::tasks::hash_planner: get_plans_internal COMPLETED in 3.3938ms - processed 1 tasks (setup: 3.0845ms, parallel_planning: 296.9µs)
DEBUG nx::native::tasks::hashers::hash_workspace_files: Hashing workspace fileset{cache_key="nx.json,.gitignore,.nxignore"}: Adding "12931121041934813548" (".gitignore") to hash
DEBUG nx::native::tasks::hashers::hash_workspace_files: Hashing workspace fileset{cache_key="nx.json,.gitignore,.nxignore"}: Adding "5242259064329426537" ("nx.json") to hash
DEBUG nx::native::tasks::hashers::hash_workspace_files: Hashing workspace fileset{cache_key="nx.json,.gitignore,.nxignore"}: Hash Value: "10548289840319878695"
DEBUG nx::native::tasks::task_hasher: hash_plans COMPLETED in 7.0853ms - processed 1 plans (setup: 244.9µs, hashing: 6.8384ms, assembly: 1.034ms)
[NX v22.1.1 Daemon Server] - 2025-12-05T08:20:26.124Z - Serializing response for HASH_TASKS message in json mode
[NX v22.1.1 Daemon Server] - 2025-12-05T08:20:26.125Z - Responding to HASH_TASKS message
[NX v22.1.1 Daemon Server] - 2025-12-05T08:20:26.125Z - [REQUEST]: Responding to the client. handleHashTasks
[NX v22.1.1 Daemon Server] - 2025-12-05T08:20:26.125Z - Time taken for 'write cache' 6.875500000000102ms
[NX v22.1.1 Daemon Server] - 2025-12-05T08:20:26.125Z - Done responding to the client handleHashTasks
[NX v22.1.1 Daemon Server] - 2025-12-05T08:20:26.125Z - Handled json message HASH_TASKS. Handling time: 26. Response time: 1.
[NX v22.1.1 Daemon Server] - 2025-12-05T08:20:26.540Z - Received raw message of length 123
[NX v22.1.1 Daemon Server] - 2025-12-05T08:20:26.540Z - Received json message of type GET_ESTIMATED_TASK_TIMINGS
[NX v22.1.1 Daemon Server] - 2025-12-05T08:20:26.554Z - Serializing response for GET_ESTIMATED_TASK_TIMINGS message in json mode
[NX v22.1.1 Daemon Server] - 2025-12-05T08:20:26.554Z - Responding to GET_ESTIMATED_TASK_TIMINGS message
[NX v22.1.1 Daemon Server] - 2025-12-05T08:20:26.554Z - [REQUEST]: Responding to the client. handleGetEstimatedTaskTimings
[NX v22.1.1 Daemon Server] - 2025-12-05T08:20:26.554Z - Done responding to the client handleGetEstimatedTaskTimings
[NX v22.1.1 Daemon Server] - 2025-12-05T08:20:26.554Z - Handled json message GET_ESTIMATED_TASK_TIMINGS. Handling time: 14. Response time: 0.
[NX v22.1.1 Daemon Server] - 2025-12-05T08:20:37.789Z - Established a connection. Number of open connections: 2
[NX v22.1.1 Daemon Server] - 2025-12-05T08:20:37.789Z - Closed a connection. Number of open connections: 1
[NX v22.1.1 Daemon Server] - 2025-12-05T08:20:37.789Z - Established a connection. Number of open connections: 2
[NX v22.1.1 Daemon Server] - 2025-12-05T08:20:37.971Z - Received raw message of length 32
[NX v22.1.1 Daemon Server] - 2025-12-05T08:20:37.971Z - Received json message of type REQUEST_PROJECT_GRAPH
[NX v22.1.1 Daemon Server] - 2025-12-05T08:20:37.971Z - [REQUEST]: Client Request for Project Graph Received
[NX v22.1.1 Daemon Server] - 2025-12-05T08:20:37.971Z - Reusing in-memory cached project graph because no files changed.
[NX v22.1.1 Daemon Server] - 2025-12-05T08:20:37.978Z - Wrote project graph cache to D:\Dev\tik-talk\.nx\workspace-data\project-graph.json
[NX v22.1.1 Daemon Server] - 2025-12-05T08:20:37.978Z - Serializing response for REQUEST_PROJECT_GRAPH message in json mode
[NX v22.1.1 Daemon Server] - 2025-12-05T08:20:37.978Z - Responding to REQUEST_PROJECT_GRAPH message
[NX v22.1.1 Daemon Server] - 2025-12-05T08:20:37.978Z - [REQUEST]: Responding to the client. project-graph
[NX v22.1.1 Daemon Server] - 2025-12-05T08:20:37.979Z - Time taken for 'total for creating and serializing project graph' 7.3356000000003405ms
[NX v22.1.1 Daemon Server] - 2025-12-05T08:20:37.981Z - Done responding to the client project-graph
[NX v22.1.1 Daemon Server] - 2025-12-05T08:20:37.981Z - Handled json message REQUEST_PROJECT_GRAPH. Handling time: 7. Response time: 3.
[NX v22.1.1 Daemon Server] - 2025-12-05T08:20:42.074Z - [WATCHER]: Processing file changes in outputs
[NX v22.1.1 Daemon Server] - 2025-12-05T08:20:43.183Z - [WATCHER]: Processing file changes in outputs
[NX v22.1.1 Daemon Server] - 2025-12-05T08:20:43.243Z - [WATCHER]: Processing file changes in outputs
[NX v22.1.1 Daemon Server] - 2025-12-05T08:20:46.668Z - [WATCHER]: Processing file changes in outputs
[NX v22.1.1 Daemon Server] - 2025-12-05T08:20:46.742Z - [WATCHER]: Processing file changes in outputs
[NX v22.1.1 Daemon Server] - 2025-12-05T08:20:46.797Z - [WATCHER]: Processing file changes in outputs
[NX v22.1.1 Daemon Server] - 2025-12-05T08:24:34.422Z - [WATCHER]: Processing file changes in outputs
[NX v22.1.1 Daemon Server] - 2025-12-05T08:36:01.260Z - [WATCHER]: libs/profile/src/lib/feature-profile-list/profile-filters/profile-filters.component.ts was modified
[NX v22.1.1 Daemon Server] - 2025-12-05T08:36:01.261Z - [WATCHER]: Processing file changes in outputs
[NX v22.1.1 Daemon Server] - 2025-12-05T08:36:01.367Z - [REQUEST]: Updated workspace context based on watched changes, recomputing project graph...
[NX v22.1.1 Daemon Server] - 2025-12-05T08:36:01.367Z - [REQUEST]: libs/profile/src/lib/feature-profile-list/profile-filters/profile-filters.component.ts
[NX v22.1.1 Daemon Server] - 2025-12-05T08:36:01.367Z - [REQUEST]: 
Time for 'nx-angular-json-plugin:createNodes' 0.5137999999569729
Time for 'nx/core/package-json:createNodes' 0.7155000000493601
[NX v22.1.1 Daemon Server] - 2025-12-05T08:36:01.372Z - Time taken for 'hash changed files from watcher' 0.3172999999951571ms
Time for 'nx/core/project-json:createNodes' 1.1829000000143424
Time for 'nx/js/dependencies-and-lockfile:createNodes' 11.814699999988079
[NX v22.1.1 Daemon Server] - 2025-12-05T08:36:01.405Z - Time taken for 'build-project-configs' 19.651300000026822ms
Time for 'build typescript dependencies' 12.198899999959394
[NX v22.1.1 Daemon Server] - 2025-12-05T08:36:01.442Z - [SYNC]: collect registered sync generators
[NX v22.1.1 Daemon Server] - 2025-12-05T08:36:01.442Z - [SYNC]: project graph hash is the same, not collecting task sync generators
[NX v22.1.1 Daemon Server] - 2025-12-05T08:36:01.443Z - [SYNC]: nx.json hash is the same, not collecting global sync generators
[NX v22.1.1 Daemon Server] - 2025-12-05T08:36:01.443Z - Time taken for 'total execution time for createProjectGraph()' 41.06550000002608ms
[NX v22.1.1 Daemon Server] - 2025-12-05T08:36:01.987Z - [WATCHER]: Processing file changes in outputs
[NX v22.1.1 Daemon Server] - 2025-12-05T08:36:53.917Z - [WATCHER]: libs/profile/src/lib/feature-profile-list/profile-filters/profile-filters.component.ts was modified
[NX v22.1.1 Daemon Server] - 2025-12-05T08:36:53.917Z - [WATCHER]: Processing file changes in outputs
[NX v22.1.1 Daemon Server] - 2025-12-05T08:36:54.133Z - [REQUEST]: Updated workspace context based on watched changes, recomputing project graph...
[NX v22.1.1 Daemon Server] - 2025-12-05T08:36:54.133Z - [REQUEST]: libs/profile/src/lib/feature-profile-list/profile-filters/profile-filters.component.ts
[NX v22.1.1 Daemon Server] - 2025-12-05T08:36:54.133Z - [REQUEST]: 
Time for 'nx-angular-json-plugin:createNodes' 0.4565000000875443
Time for 'nx/core/package-json:createNodes' 0.603099999949336
[NX v22.1.1 Daemon Server] - 2025-12-05T08:36:54.137Z - Time taken for 'hash changed files from watcher' 0.32509999989997596ms
Time for 'nx/core/project-json:createNodes' 0.8609999999171123
Time for 'nx/js/dependencies-and-lockfile:createNodes' 12.340699999942444
[NX v22.1.1 Daemon Server] - 2025-12-05T08:36:54.166Z - Time taken for 'build-project-configs' 22.084100000094622ms
Time for 'build typescript dependencies' 14.292599999927916
[NX v22.1.1 Daemon Server] - 2025-12-05T08:36:54.209Z - [SYNC]: collect registered sync generators
[NX v22.1.1 Daemon Server] - 2025-12-05T08:36:54.210Z - [SYNC]: project graph hash is the same, not collecting task sync generators
[NX v22.1.1 Daemon Server] - 2025-12-05T08:36:54.211Z - [SYNC]: nx.json hash is the same, not collecting global sync generators
[NX v22.1.1 Daemon Server] - 2025-12-05T08:36:54.211Z - Time taken for 'total execution time for createProjectGraph()' 47.50410000002012ms
[NX v22.1.1 Daemon Server] - 2025-12-05T08:36:54.334Z - [WATCHER]: Processing file changes in outputs
[NX v22.1.1 Daemon Server] - 2025-12-05T08:38:24.292Z - [WATCHER]: libs/profile/src/lib/feature-profile-list/profile-filters/profile-filters.component.ts was modified
[NX v22.1.1 Daemon Server] - 2025-12-05T08:38:24.293Z - [WATCHER]: Processing file changes in outputs
[NX v22.1.1 Daemon Server] - 2025-12-05T08:38:24.708Z - [REQUEST]: Updated workspace context based on watched changes, recomputing project graph...
[NX v22.1.1 Daemon Server] - 2025-12-05T08:38:24.708Z - [REQUEST]: libs/profile/src/lib/feature-profile-list/profile-filters/profile-filters.component.ts
[NX v22.1.1 Daemon Server] - 2025-12-05T08:38:24.708Z - [REQUEST]: 
Time for 'nx-angular-json-plugin:createNodes' 0.37080000014975667
[NX v22.1.1 Daemon Server] - 2025-12-05T08:38:24.712Z - Time taken for 'hash changed files from watcher' 1.1466000000946224ms
Time for 'nx/core/package-json:createNodes' 0.5977999998722225
Time for 'nx/core/project-json:createNodes' 1.1074000000953674
Time for 'nx/js/dependencies-and-lockfile:createNodes' 12.59030000003986
[NX v22.1.1 Daemon Server] - 2025-12-05T08:38:24.738Z - Time taken for 'build-project-configs' 20.19039999996312ms
[NX v22.1.1 Daemon Server] - 2025-12-05T08:38:24.752Z - [WATCHER]: Processing file changes in outputs
Time for 'build typescript dependencies' 5.270299999974668
[NX v22.1.1 Daemon Server] - 2025-12-05T08:38:24.775Z - [SYNC]: collect registered sync generators
[NX v22.1.1 Daemon Server] - 2025-12-05T08:38:24.776Z - [SYNC]: project graph hash is the same, not collecting task sync generators
[NX v22.1.1 Daemon Server] - 2025-12-05T08:38:24.776Z - [SYNC]: nx.json hash is the same, not collecting global sync generators
[NX v22.1.1 Daemon Server] - 2025-12-05T08:38:24.776Z - Time taken for 'total execution time for createProjectGraph()' 40.937299999874085ms
[NX v22.1.1 Daemon Server] - 2025-12-05T08:39:25.644Z - [WATCHER]: libs/profile/src/lib/feature-profile-list/profile-filters/profile-filters.component.ts was modified
[NX v22.1.1 Daemon Server] - 2025-12-05T08:39:25.644Z - [WATCHER]: Processing file changes in outputs
[NX v22.1.1 Daemon Server] - 2025-12-05T08:39:26.062Z - [WATCHER]: Processing file changes in outputs
[NX v22.1.1 Daemon Server] - 2025-12-05T08:39:26.450Z - [REQUEST]: Updated workspace context based on watched changes, recomputing project graph...
[NX v22.1.1 Daemon Server] - 2025-12-05T08:39:26.450Z - [REQUEST]: libs/profile/src/lib/feature-profile-list/profile-filters/profile-filters.component.ts
[NX v22.1.1 Daemon Server] - 2025-12-05T08:39:26.450Z - [REQUEST]: 
Time for 'nx-angular-json-plugin:createNodes' 0.6393000001553446
[NX v22.1.1 Daemon Server] - 2025-12-05T08:39:26.454Z - Time taken for 'hash changed files from watcher' 0.36400000005960464ms
Time for 'nx/core/package-json:createNodes' 0.41440000012516975
Time for 'nx/core/project-json:createNodes' 1.020699999993667
Time for 'nx/js/dependencies-and-lockfile:createNodes' 16.680900000035763
[NX v22.1.1 Daemon Server] - 2025-12-05T08:39:26.491Z - Time taken for 'build-project-configs' 27.072799999965355ms
Time for 'build typescript dependencies' 6.308699999935925
[NX v22.1.1 Daemon Server] - 2025-12-05T08:39:26.524Z - [SYNC]: collect registered sync generators
[NX v22.1.1 Daemon Server] - 2025-12-05T08:39:26.525Z - [SYNC]: project graph hash is the same, not collecting task sync generators
[NX v22.1.1 Daemon Server] - 2025-12-05T08:39:26.525Z - [SYNC]: nx.json hash is the same, not collecting global sync generators
[NX v22.1.1 Daemon Server] - 2025-12-05T08:39:26.525Z - Time taken for 'total execution time for createProjectGraph()' 40.55169999995269ms
[NX v22.1.1 Daemon Server] - 2025-12-05T08:39:59.438Z - [WATCHER]: Processing file changes in outputs
[NX v22.1.1 Daemon Server] - 2025-12-05T08:39:59.440Z - [WATCHER]: libs/profile/src/lib/feature-profile-list/profile-filters/profile-filters.component.ts was modified
[NX v22.1.1 Daemon Server] - 2025-12-05T08:39:59.902Z - [WATCHER]: Processing file changes in outputs
[NX v22.1.1 Daemon Server] - 2025-12-05T08:40:01.052Z - [REQUEST]: Updated workspace context based on watched changes, recomputing project graph...
[NX v22.1.1 Daemon Server] - 2025-12-05T08:40:01.052Z - [REQUEST]: libs/profile/src/lib/feature-profile-list/profile-filters/profile-filters.component.ts
[NX v22.1.1 Daemon Server] - 2025-12-05T08:40:01.052Z - [REQUEST]: 
Time for 'nx-angular-json-plugin:createNodes' 0.4639000000897795
[NX v22.1.1 Daemon Server] - 2025-12-05T08:40:01.055Z - Time taken for 'hash changed files from watcher' 1.0411999998614192ms
Time for 'nx/core/package-json:createNodes' 0.46660000015981495
Time for 'nx/core/project-json:createNodes' 1.023300000000745
Time for 'nx/js/dependencies-and-lockfile:createNodes' 10.80239999992773
[NX v22.1.1 Daemon Server] - 2025-12-05T08:40:01.083Z - Time taken for 'build-project-configs' 20.912999999942258ms
Time for 'build typescript dependencies' 7.017599999904633
[NX v22.1.1 Daemon Server] - 2025-12-05T08:40:01.116Z - [SYNC]: collect registered sync generators
[NX v22.1.1 Daemon Server] - 2025-12-05T08:40:01.116Z - [SYNC]: project graph hash is the same, not collecting task sync generators
[NX v22.1.1 Daemon Server] - 2025-12-05T08:40:01.116Z - [SYNC]: nx.json hash is the same, not collecting global sync generators
[NX v22.1.1 Daemon Server] - 2025-12-05T08:40:01.116Z - Time taken for 'total execution time for createProjectGraph()' 36.878400000045076ms
